2025-06-07 07:35:04 - cvd_tracker.info - INFO - Using real Arduino TC Board library
2025-06-07 07:35:13 - cvd_tracker.info - INFO - Starting CVD Tracker...
2025-06-07 07:35:13 - cvd_tracker.info - INFO - Compression service initialized with algorithm: gzip
2025-06-07 07:35:13 - cvd_tracker.info - INFO - Compression service initialized
2025-06-07 07:35:13 - cvd_tracker.info - INFO - Email alert service initialized
2025-06-07 07:35:13 - cvd_tracker.info - INFO - Added processing stage range_validation to pipeline temperature_pipeline
2025-06-07 07:35:13 - cvd_tracker.info - INFO - Added processing stage outlier_detection to pipeline temperature_pipeline
2025-06-07 07:35:13 - cvd_tracker.info - INFO - Added processing stage moving_average to pipeline temperature_pipeline
2025-06-07 07:35:13 - cvd_tracker.info - INFO - Registered controller camera_capture
2025-06-07 07:35:13 - cvd_tracker.info - INFO - Registered controller motion_detection
2025-06-07 07:35:13 - cvd_tracker.info - INFO - Added dependency: camera_capture -> motion_detection
2025-06-07 07:35:13 - cvd_tracker.info - INFO - Registered component: notification_center
2025-06-07 07:35:13 - cvd_tracker.info - INFO - Application container created successfully
2025-06-07 07:35:13 - cvd_tracker.info - INFO - Background services started on dedicated daemon thread
2025-06-07 07:35:13 - cvd_tracker.info - INFO - Started 0 sensors
2025-06-07 07:35:13 - cvd_tracker.info - INFO - Started 0 sensors
2025-06-07 07:35:13 - cvd_tracker.info - INFO - Created new data index
2025-06-07 07:35:13 - cvd_tracker.info - INFO - Background maintenance worker started
2025-06-07 07:35:13 - cvd_tracker.info - INFO - DataManager initialized successfully and background maintenance scheduled
2025-06-07 07:35:13 - cvd_tracker.info - INFO - UI components and routes registered
2025-06-07 07:35:13 - cvd_tracker.info - INFO - Starting web interface: CVD Tracker at localhost:8080
2025-06-07 07:35:13 - cvd_tracker.info - INFO - Scanned directories and processed 5 files
2025-06-07 07:35:13 - cvd_tracker.info - INFO - Using real Arduino TC Board library
2025-06-07 07:35:16 - cvd_tracker.info - INFO - Starting CVD Tracker...
2025-06-07 07:35:16 - cvd_tracker.info - INFO - Compression service initialized with algorithm: gzip
2025-06-07 07:35:16 - cvd_tracker.info - INFO - Compression service initialized
2025-06-07 07:35:16 - cvd_tracker.info - INFO - Email alert service initialized
2025-06-07 07:35:16 - cvd_tracker.info - INFO - Added processing stage range_validation to pipeline temperature_pipeline
2025-06-07 07:35:16 - cvd_tracker.info - INFO - Added processing stage outlier_detection to pipeline temperature_pipeline
2025-06-07 07:35:16 - cvd_tracker.info - INFO - Added processing stage moving_average to pipeline temperature_pipeline
2025-06-07 07:35:16 - cvd_tracker.info - INFO - Registered controller camera_capture
2025-06-07 07:35:16 - cvd_tracker.info - INFO - Registered controller motion_detection
2025-06-07 07:35:16 - cvd_tracker.info - INFO - Added dependency: camera_capture -> motion_detection
2025-06-07 07:35:16 - cvd_tracker.info - INFO - Registered component: notification_center
2025-06-07 07:35:16 - cvd_tracker.info - INFO - Application container created successfully
2025-06-07 07:35:16 - cvd_tracker.info - INFO - Background services started on dedicated daemon thread
2025-06-07 07:35:16 - cvd_tracker.info - INFO - Started 0 sensors
2025-06-07 07:35:16 - cvd_tracker.info - INFO - Started 0 sensors
2025-06-07 07:35:16 - cvd_tracker.info - INFO - Loaded existing data index with 5 files
2025-06-07 07:35:16 - cvd_tracker.info - INFO - Background maintenance worker started
2025-06-07 07:35:16 - cvd_tracker.info - INFO - DataManager initialized successfully and background maintenance scheduled
2025-06-07 07:35:16 - cvd_tracker.info - INFO - UI components and routes registered
2025-06-07 07:35:16 - cvd_tracker.info - INFO - Starting web interface: CVD Tracker at localhost:8080
2025-06-07 07:35:16 - cvd_tracker.info - INFO - CVD Tracker stopped
2025-06-07 07:35:17 - cvd_tracker.info - INFO - Registered component: sensors_component
2025-06-07 07:35:17 - cvd_tracker.info - INFO - Registered component: controllers
2025-06-07 07:35:17 - cvd_tracker.info - INFO - manager_created
2025-06-07 07:35:17 - cvd_tracker.info - INFO - ExperimentManager initialized
2025-06-07 07:35:17 - cvd_tracker.info - INFO - Registered component: experiment_component
2025-06-07 07:35:17 - cvd_tracker.info - INFO - Registered component: data_component
2025-06-07 07:35:17 - cvd_tracker.info - INFO - Registered component: logs
2025-06-07 15:20:21 - cvd_tracker.info - INFO - Using real Arduino TC Board library
2025-06-07 15:20:28 - cvd_tracker.info - INFO - Starting CVD Tracker...
2025-06-07 15:20:28 - cvd_tracker.info - INFO - Compression service initialized with algorithm: gzip
2025-06-07 15:20:28 - cvd_tracker.info - INFO - Compression service initialized
2025-06-07 15:20:28 - cvd_tracker.info - INFO - Email alert service initialized
2025-06-07 15:20:28 - cvd_tracker.info - INFO - Added processing stage range_validation to pipeline temperature_pipeline
2025-06-07 15:20:28 - cvd_tracker.info - INFO - Added processing stage outlier_detection to pipeline temperature_pipeline
2025-06-07 15:20:28 - cvd_tracker.info - INFO - Added processing stage moving_average to pipeline temperature_pipeline
2025-06-07 15:20:28 - cvd_tracker.info - INFO - Registered component: notification_center
2025-06-07 15:20:28 - cvd_tracker.info - INFO - Application container created successfully
2025-06-07 15:20:28 - cvd_tracker.info - INFO - Background services started on dedicated daemon thread
2025-06-07 15:20:28 - cvd_tracker.info - INFO - Started 0 sensors
2025-06-07 15:20:28 - cvd_tracker.info - INFO - Started 0 sensors
2025-06-07 15:20:28 - cvd_tracker.info - INFO - Loaded existing data index with 5 files
2025-06-07 15:20:28 - cvd_tracker.info - INFO - Background maintenance worker started
2025-06-07 15:20:28 - cvd_tracker.info - INFO - DataManager initialized successfully and background maintenance scheduled
2025-06-07 15:20:28 - cvd_tracker.info - INFO - UI components and routes registered
2025-06-07 15:20:28 - cvd_tracker.info - INFO - Starting web interface: CVD Tracker at localhost:8080
2025-06-07 15:20:29 - cvd_tracker.info - INFO - Using real Arduino TC Board library
2025-06-07 15:20:31 - cvd_tracker.info - INFO - Starting CVD Tracker...
2025-06-07 15:20:31 - cvd_tracker.info - INFO - Compression service initialized with algorithm: gzip
2025-06-07 15:20:31 - cvd_tracker.info - INFO - Compression service initialized
2025-06-07 15:20:31 - cvd_tracker.info - INFO - Email alert service initialized
2025-06-07 15:20:31 - cvd_tracker.info - INFO - Added processing stage range_validation to pipeline temperature_pipeline
2025-06-07 15:20:31 - cvd_tracker.info - INFO - Added processing stage outlier_detection to pipeline temperature_pipeline
2025-06-07 15:20:31 - cvd_tracker.info - INFO - Added processing stage moving_average to pipeline temperature_pipeline
2025-06-07 15:20:31 - cvd_tracker.info - INFO - Registered component: notification_center
2025-06-07 15:20:31 - cvd_tracker.info - INFO - Application container created successfully
2025-06-07 15:20:31 - cvd_tracker.info - INFO - Background services started on dedicated daemon thread
2025-06-07 15:20:31 - cvd_tracker.info - INFO - Started 0 sensors
2025-06-07 15:20:31 - cvd_tracker.info - INFO - Started 0 sensors
2025-06-07 15:20:31 - cvd_tracker.info - INFO - Loaded existing data index with 5 files
2025-06-07 15:20:31 - cvd_tracker.info - INFO - Background maintenance worker started
2025-06-07 15:20:31 - cvd_tracker.info - INFO - DataManager initialized successfully and background maintenance scheduled
2025-06-07 15:20:31 - cvd_tracker.info - INFO - UI components and routes registered
2025-06-07 15:20:31 - cvd_tracker.info - INFO - Starting web interface: CVD Tracker at localhost:8080
2025-06-07 15:20:31 - cvd_tracker.info - INFO - CVD Tracker stopped
2025-06-07 15:20:33 - cvd_tracker.info - INFO - Registered component: sensors_component
2025-06-07 15:20:33 - cvd_tracker.info - INFO - Registered component: controllers
2025-06-07 15:20:33 - cvd_tracker.info - INFO - manager_created
2025-06-07 15:20:33 - cvd_tracker.info - INFO - ExperimentManager initialized
2025-06-07 15:20:33 - cvd_tracker.info - INFO - Registered component: experiment_component
2025-06-07 15:20:33 - cvd_tracker.info - INFO - Registered component: data_component
2025-06-07 15:20:33 - cvd_tracker.info - INFO - Registered component: logs
2025-06-07 21:07:12 - cvd_tracker.info - INFO - Using real Arduino TC Board library
2025-06-07 21:07:19 - cvd_tracker.info - INFO - Starting CVD Tracker...
2025-06-07 21:07:20 - cvd_tracker.info - INFO - Compression service initialized with algorithm: gzip
2025-06-07 21:07:20 - cvd_tracker.info - INFO - Compression service initialized
2025-06-07 21:07:20 - cvd_tracker.info - INFO - Email alert service initialized
2025-06-07 21:07:20 - cvd_tracker.info - INFO - Added processing stage range_validation to pipeline temperature_pipeline
2025-06-07 21:07:20 - cvd_tracker.info - INFO - Added processing stage outlier_detection to pipeline temperature_pipeline
2025-06-07 21:07:20 - cvd_tracker.info - INFO - Added processing stage moving_average to pipeline temperature_pipeline
2025-06-07 21:07:20 - cvd_tracker.info - INFO - Registered component: notification_center
2025-06-07 21:07:20 - cvd_tracker.info - INFO - Application container created successfully
2025-06-07 21:07:20 - cvd_tracker.info - INFO - Background services started on dedicated daemon thread
2025-06-07 21:07:20 - cvd_tracker.info - INFO - Started 0 sensors
2025-06-07 21:07:20 - cvd_tracker.info - INFO - Started 0 sensors
2025-06-07 21:07:20 - cvd_tracker.info - INFO - Loaded existing data index with 5 files
2025-06-07 21:07:20 - cvd_tracker.info - INFO - Background maintenance worker started
2025-06-07 21:07:20 - cvd_tracker.info - INFO - DataManager initialized successfully and background maintenance scheduled
2025-06-07 21:07:20 - cvd_tracker.info - INFO - UI components and routes registered
2025-06-07 21:07:20 - cvd_tracker.info - INFO - Starting web interface: CVD Tracker at localhost:8080
2025-06-07 21:07:20 - cvd_tracker.info - INFO - Using real Arduino TC Board library
2025-06-07 21:07:22 - cvd_tracker.info - INFO - Starting CVD Tracker...
2025-06-07 21:07:22 - cvd_tracker.info - INFO - Compression service initialized with algorithm: gzip
2025-06-07 21:07:22 - cvd_tracker.info - INFO - Compression service initialized
2025-06-07 21:07:22 - cvd_tracker.info - INFO - Email alert service initialized
2025-06-07 21:07:22 - cvd_tracker.info - INFO - Added processing stage range_validation to pipeline temperature_pipeline
2025-06-07 21:07:22 - cvd_tracker.info - INFO - Added processing stage outlier_detection to pipeline temperature_pipeline
2025-06-07 21:07:22 - cvd_tracker.info - INFO - Added processing stage moving_average to pipeline temperature_pipeline
2025-06-07 21:07:22 - cvd_tracker.info - INFO - Registered component: notification_center
2025-06-07 21:07:22 - cvd_tracker.info - INFO - Application container created successfully
2025-06-07 21:07:22 - cvd_tracker.info - INFO - Background services started on dedicated daemon thread
2025-06-07 21:07:22 - cvd_tracker.info - INFO - Started 0 sensors
2025-06-07 21:07:22 - cvd_tracker.info - INFO - Started 0 sensors
2025-06-07 21:07:22 - cvd_tracker.info - INFO - Loaded existing data index with 5 files
2025-06-07 21:07:22 - cvd_tracker.info - INFO - Background maintenance worker started
2025-06-07 21:07:22 - cvd_tracker.info - INFO - DataManager initialized successfully and background maintenance scheduled
2025-06-07 21:07:22 - cvd_tracker.info - INFO - UI components and routes registered
2025-06-07 21:07:22 - cvd_tracker.info - INFO - Starting web interface: CVD Tracker at localhost:8080
2025-06-07 21:07:22 - cvd_tracker.info - INFO - CVD Tracker stopped
2025-06-07 21:07:24 - cvd_tracker.info - INFO - Registered component: sensors_component
2025-06-07 21:07:24 - cvd_tracker.info - INFO - Registered component: controllers
2025-06-07 21:07:24 - cvd_tracker.info - INFO - manager_created
2025-06-07 21:07:24 - cvd_tracker.info - INFO - ExperimentManager initialized
2025-06-07 21:07:24 - cvd_tracker.info - INFO - Registered component: experiment_component
2025-06-07 21:07:24 - cvd_tracker.info - INFO - Registered component: data_component
2025-06-07 21:07:24 - cvd_tracker.info - INFO - Registered component: logs
2025-06-07 21:09:21 - cvd_tracker.info - INFO - Registered component: sensors_component
2025-06-07 21:09:21 - cvd_tracker.info - INFO - Registered component: controllers
2025-06-07 21:09:21 - cvd_tracker.info - INFO - Registered component: experiment_component
2025-06-07 21:09:21 - cvd_tracker.info - INFO - Registered component: data_component
2025-06-07 21:09:21 - cvd_tracker.info - INFO - Registered component: logs
2025-06-07 23:56:34 - cvd_tracker.info - INFO - Using real Arduino TC Board library
2025-06-07 23:56:38 - cvd_tracker.info - INFO - Starting CVD Tracker...
2025-06-07 23:56:38 - cvd_tracker.info - INFO - Compression service initialized with algorithm: gzip
2025-06-07 23:56:38 - cvd_tracker.info - INFO - Compression service initialized
2025-06-07 23:56:38 - cvd_tracker.info - INFO - Email alert service initialized
2025-06-07 23:56:38 - cvd_tracker.info - INFO - Added processing stage range_validation to pipeline temperature_pipeline
2025-06-07 23:56:38 - cvd_tracker.info - INFO - Added processing stage outlier_detection to pipeline temperature_pipeline
2025-06-07 23:56:38 - cvd_tracker.info - INFO - Added processing stage moving_average to pipeline temperature_pipeline
2025-06-07 23:56:38 - cvd_tracker.info - INFO - Registered component: notification_center
2025-06-07 23:56:38 - cvd_tracker.info - INFO - Application container created successfully
2025-06-07 23:56:38 - cvd_tracker.info - INFO - Background services started on dedicated daemon thread
2025-06-07 23:56:38 - cvd_tracker.info - INFO - Started 0 sensors
2025-06-07 23:56:38 - cvd_tracker.info - INFO - Background maintenance worker started
2025-06-07 23:56:38 - cvd_tracker.info - INFO - DataManager initialized
2025-06-07 23:56:38 - cvd_tracker.info - INFO - Started 0 sensors
2025-06-07 23:56:38 - cvd_tracker.info - INFO - UI components and routes registered
2025-06-07 23:56:38 - cvd_tracker.info - INFO - Starting web interface: CVD Tracker at localhost:8080
2025-06-07 23:56:39 - cvd_tracker.info - INFO - Using real Arduino TC Board library
2025-06-07 23:56:41 - cvd_tracker.info - INFO - Starting CVD Tracker...
2025-06-07 23:56:41 - cvd_tracker.info - INFO - Compression service initialized with algorithm: gzip
2025-06-07 23:56:41 - cvd_tracker.info - INFO - Compression service initialized
2025-06-07 23:56:41 - cvd_tracker.info - INFO - Email alert service initialized
2025-06-07 23:56:41 - cvd_tracker.info - INFO - Added processing stage range_validation to pipeline temperature_pipeline
2025-06-07 23:56:41 - cvd_tracker.info - INFO - Added processing stage outlier_detection to pipeline temperature_pipeline
2025-06-07 23:56:41 - cvd_tracker.info - INFO - Added processing stage moving_average to pipeline temperature_pipeline
2025-06-07 23:56:41 - cvd_tracker.info - INFO - Registered component: notification_center
2025-06-07 23:56:41 - cvd_tracker.info - INFO - Application container created successfully
2025-06-07 23:56:41 - cvd_tracker.info - INFO - Background services started on dedicated daemon thread
2025-06-07 23:56:41 - cvd_tracker.info - INFO - Started 0 sensors
2025-06-07 23:56:41 - cvd_tracker.info - INFO - Started 0 sensors
2025-06-07 23:56:41 - cvd_tracker.info - INFO - Background maintenance worker started
2025-06-07 23:56:41 - cvd_tracker.info - INFO - DataManager initialized
2025-06-07 23:56:41 - cvd_tracker.info - INFO - UI components and routes registered
2025-06-07 23:56:41 - cvd_tracker.info - INFO - Starting web interface: CVD Tracker at localhost:8080
2025-06-07 23:56:41 - cvd_tracker.info - INFO - CVD Tracker stopped
2025-06-07 23:56:42 - cvd_tracker.info - INFO - Registered component: sensors_component
2025-06-07 23:56:42 - cvd_tracker.info - INFO - Registered component: controllers
2025-06-07 23:56:42 - cvd_tracker.info - INFO - manager_created
2025-06-07 23:56:42 - cvd_tracker.info - INFO - ExperimentManager initialized
2025-06-07 23:56:42 - cvd_tracker.info - INFO - Registered component: experiment_component
2025-06-07 23:56:42 - cvd_tracker.info - INFO - Registered component: data_component
2025-06-07 23:56:42 - cvd_tracker.info - INFO - Registered component: logs
2025-06-07 23:57:43 - cvd_tracker.info - INFO - Registered component: sensors_component
2025-06-07 23:57:43 - cvd_tracker.info - INFO - Registered component: controllers
2025-06-07 23:57:43 - cvd_tracker.info - INFO - Registered component: experiment_component
2025-06-07 23:57:43 - cvd_tracker.info - INFO - Registered component: data_component
2025-06-07 23:57:43 - cvd_tracker.info - INFO - Registered component: logs
2025-06-08 11:18:27 - cvd_tracker.info - INFO - Using real Arduino TC Board library
2025-06-08 11:25:14 - cvd_tracker.info - INFO - Using real Arduino TC Board library
2025-06-08 11:25:17 - cvd_tracker.info - INFO - Starting CVD Tracker...
2025-06-08 11:25:17 - cvd_tracker.info - INFO - Compression service initialized with algorithm: gzip
2025-06-08 11:25:17 - cvd_tracker.info - INFO - Compression service initialized
2025-06-08 11:25:17 - cvd_tracker.info - INFO - Email alert service initialized
2025-06-08 11:25:17 - cvd_tracker.info - INFO - Added processing stage range_validation to pipeline temperature_pipeline
2025-06-08 11:25:17 - cvd_tracker.info - INFO - Added processing stage outlier_detection to pipeline temperature_pipeline
2025-06-08 11:25:17 - cvd_tracker.info - INFO - Added processing stage moving_average to pipeline temperature_pipeline
2025-06-08 11:25:17 - cvd_tracker.info - INFO - Registered component: notification_center
2025-06-08 11:25:17 - cvd_tracker.info - INFO - Application container created successfully
2025-06-08 11:25:17 - cvd_tracker.info - INFO - Background services started on dedicated daemon thread
2025-06-08 11:25:17 - cvd_tracker.info - INFO - Created sensor: sen001 (temperature from mock_arduino_tc_board)
2025-06-08 11:25:17 - cvd_tracker.info - INFO - Mock Arduino connected on COM3
2025-06-08 11:25:17 - cvd_tracker.info - INFO - Background maintenance worker started
2025-06-08 11:25:17 - cvd_tracker.info - INFO - Mock Arduino TC sensor sen001 initialized on port COM3
2025-06-08 11:25:17 - cvd_tracker.info - INFO - DataManager initialized
2025-06-08 11:25:17 - cvd_tracker.info - INFO - Registered sensor: sen001
2025-06-08 11:25:17 - cvd_tracker.info - INFO - UI components and routes registered
2025-06-08 11:25:17 - cvd_tracker.info - INFO - Started polling sensor sen001 every 1.0s
2025-06-08 11:25:17 - cvd_tracker.info - INFO - Starting web interface: CVD Tracker at localhost:8080
2025-06-08 11:25:17 - cvd_tracker.info - INFO - Created sensor: sen002 (temperature from mock_rs232)
2025-06-08 11:25:17 - cvd_tracker.info - INFO - Mock RS232 opened on COM3
2025-06-08 11:25:17 - cvd_tracker.info - INFO - Mock RS232 sensor sen002 initialized on port COM3
2025-06-08 11:25:17 - cvd_tracker.info - INFO - Registered sensor: sen002
2025-06-08 11:25:17 - cvd_tracker.info - INFO - Started polling sensor sen002 every 1.0s
2025-06-08 11:25:17 - cvd_tracker.info - INFO - Started 2 sensors
2025-06-08 11:25:17 - cvd_tracker.info - INFO - Started 2 sensors
2025-06-08 11:25:17 - cvd_tracker.info - INFO - Using real Arduino TC Board library
2025-06-08 11:25:20 - cvd_tracker.info - INFO - Starting CVD Tracker...
2025-06-08 11:25:20 - cvd_tracker.info - INFO - Compression service initialized with algorithm: gzip
2025-06-08 11:25:20 - cvd_tracker.info - INFO - Compression service initialized
2025-06-08 11:25:20 - cvd_tracker.info - INFO - Email alert service initialized
2025-06-08 11:25:20 - cvd_tracker.info - INFO - Added processing stage range_validation to pipeline temperature_pipeline
2025-06-08 11:25:20 - cvd_tracker.info - INFO - Added processing stage outlier_detection to pipeline temperature_pipeline
2025-06-08 11:25:20 - cvd_tracker.info - INFO - Added processing stage moving_average to pipeline temperature_pipeline
2025-06-08 11:25:20 - cvd_tracker.info - INFO - Registered component: notification_center
2025-06-08 11:25:20 - cvd_tracker.info - INFO - Application container created successfully
2025-06-08 11:25:20 - cvd_tracker.info - INFO - Background services started on dedicated daemon thread
2025-06-08 11:25:20 - cvd_tracker.info - INFO - Created sensor: sen001 (temperature from mock_arduino_tc_board)
2025-06-08 11:25:20 - cvd_tracker.info - INFO - Mock Arduino connected on COM3
2025-06-08 11:25:20 - cvd_tracker.info - INFO - Mock Arduino TC sensor sen001 initialized on port COM3
2025-06-08 11:25:20 - cvd_tracker.info - INFO - Background maintenance worker started
2025-06-08 11:25:20 - cvd_tracker.info - INFO - DataManager initialized
2025-06-08 11:25:20 - cvd_tracker.info - INFO - Registered sensor: sen001
2025-06-08 11:25:20 - cvd_tracker.info - INFO - Started polling sensor sen001 every 1.0s
2025-06-08 11:25:20 - cvd_tracker.info - INFO - UI components and routes registered
2025-06-08 11:25:20 - cvd_tracker.info - INFO - Starting web interface: CVD Tracker at localhost:8080
2025-06-08 11:25:20 - cvd_tracker.info - INFO - Created sensor: sen002 (temperature from mock_rs232)
2025-06-08 11:25:20 - cvd_tracker.info - INFO - Mock RS232 opened on COM3
2025-06-08 11:25:20 - cvd_tracker.info - INFO - CVD Tracker stopped
2025-06-08 11:25:20 - cvd_tracker.info - INFO - Mock RS232 sensor sen002 initialized on port COM3
2025-06-08 11:25:20 - cvd_tracker.info - INFO - Registered sensor: sen002
2025-06-08 11:25:20 - cvd_tracker.info - INFO - Started polling sensor sen002 every 1.0s
2025-06-08 11:25:20 - cvd_tracker.info - INFO - Started 2 sensors
2025-06-08 11:25:20 - cvd_tracker.info - INFO - Started 2 sensors
2025-06-08 11:25:21 - cvd_tracker.info - INFO - Registered component: sensors_component
2025-06-08 11:25:21 - cvd_tracker.info - INFO - Registered component: controllers
2025-06-08 11:25:21 - cvd_tracker.info - INFO - manager_created
2025-06-08 11:25:21 - cvd_tracker.info - INFO - ExperimentManager initialized
2025-06-08 11:25:21 - cvd_tracker.info - INFO - Registered component: experiment_component
2025-06-08 11:25:21 - cvd_tracker.info - INFO - Registered component: data_component
2025-06-08 11:25:21 - cvd_tracker.info - INFO - Registered component: logs
2025-06-08 11:26:45 - cvd_tracker.info - INFO - Created controller configuration: con001
2025-06-08 11:27:51 - cvd_tracker.info - INFO - Created sensor configuration: sen003
2025-06-08 11:27:58 - cvd_tracker.info - INFO - Created sensor: sen001 (temperature from mock_arduino_tc_board)
2025-06-08 11:27:58 - cvd_tracker.info - INFO - Mock Arduino connected on COM3
2025-06-08 11:27:58 - cvd_tracker.info - INFO - Mock Arduino TC sensor sen001 initialized on port COM3
2025-06-08 11:27:58 - cvd_tracker.info - INFO - Registered sensor: sen001
2025-06-08 11:27:58 - cvd_tracker.info - INFO - Created sensor: sen002 (temperature from mock_rs232)
2025-06-08 11:27:58 - cvd_tracker.info - INFO - Mock RS232 opened on COM3
2025-06-08 11:27:58 - cvd_tracker.info - INFO - Mock RS232 sensor sen002 initialized on port COM3
2025-06-08 11:27:58 - cvd_tracker.info - INFO - Registered sensor: sen002
2025-06-08 11:27:58 - cvd_tracker.info - INFO - Created sensor: sen003 (temperature from arduino_tc_board)
2025-06-08 11:27:58 - cvd_tracker.info - INFO - Started 2 sensors
2025-06-08 11:28:02 - cvd_tracker.info - INFO - Created sensor: sen001 (temperature from mock_arduino_tc_board)
2025-06-08 11:28:02 - cvd_tracker.info - INFO - Mock Arduino connected on COM3
2025-06-08 11:28:02 - cvd_tracker.info - INFO - Mock Arduino TC sensor sen001 initialized on port COM3
2025-06-08 11:28:02 - cvd_tracker.info - INFO - Registered sensor: sen001
2025-06-08 11:28:02 - cvd_tracker.info - INFO - Created sensor: sen002 (temperature from mock_rs232)
2025-06-08 11:28:02 - cvd_tracker.info - INFO - Mock RS232 opened on COM3
2025-06-08 11:28:02 - cvd_tracker.info - INFO - Mock RS232 sensor sen002 initialized on port COM3
2025-06-08 11:28:02 - cvd_tracker.info - INFO - Registered sensor: sen002
2025-06-08 11:28:02 - cvd_tracker.info - INFO - Created sensor: sen003 (temperature from arduino_tc_board)
2025-06-08 11:28:02 - cvd_tracker.info - INFO - Started 2 sensors
2025-06-08 14:35:05 - cvd_tracker.info - INFO - Using real Arduino TC Board library
2025-06-08 14:35:13 - cvd_tracker.info - INFO - Starting CVD Tracker...
2025-06-08 14:35:13 - cvd_tracker.info - INFO - Compression service initialized with algorithm: gzip
2025-06-08 14:35:13 - cvd_tracker.info - INFO - Compression service initialized
2025-06-08 14:35:13 - cvd_tracker.info - INFO - Email alert service initialized
2025-06-08 14:35:13 - cvd_tracker.info - INFO - Added processing stage range_validation to pipeline temperature_pipeline
2025-06-08 14:35:13 - cvd_tracker.info - INFO - Added processing stage outlier_detection to pipeline temperature_pipeline
2025-06-08 14:35:13 - cvd_tracker.info - INFO - Added processing stage moving_average to pipeline temperature_pipeline
2025-06-08 14:35:13 - cvd_tracker.info - INFO - Registered controller con001
2025-06-08 14:35:13 - cvd_tracker.info - INFO - Registered component: notification_center
2025-06-08 14:35:13 - cvd_tracker.info - INFO - Application container created successfully
2025-06-08 14:35:13 - cvd_tracker.info - INFO - Background services started on dedicated daemon thread
2025-06-08 14:35:13 - cvd_tracker.info - INFO - Created sensor: sen001 (temperature from mock_arduino_tc_board)
2025-06-08 14:35:13 - cvd_tracker.info - INFO - Mock Arduino connected on COM3
2025-06-08 14:35:13 - cvd_tracker.info - INFO - Mock Arduino TC sensor sen001 initialized on port COM3
2025-06-08 14:35:13 - cvd_tracker.info - INFO - Background maintenance worker started
2025-06-08 14:35:13 - cvd_tracker.info - INFO - DataManager initialized
2025-06-08 14:35:13 - cvd_tracker.info - INFO - Registered sensor: sen001
2025-06-08 14:35:13 - cvd_tracker.info - INFO - Started polling sensor sen001 every 1.0s
2025-06-08 14:35:13 - cvd_tracker.info - INFO - UI components and routes registered
2025-06-08 14:35:13 - cvd_tracker.info - INFO - Starting web interface: CVD Tracker at localhost:8080
2025-06-08 14:35:13 - cvd_tracker.info - INFO - Created sensor: sen002 (temperature from mock_rs232)
2025-06-08 14:35:13 - cvd_tracker.info - INFO - Mock RS232 opened on COM3
2025-06-08 14:35:13 - cvd_tracker.info - INFO - Mock RS232 sensor sen002 initialized on port COM3
2025-06-08 14:35:13 - cvd_tracker.info - INFO - Registered sensor: sen002
2025-06-08 14:35:13 - cvd_tracker.info - INFO - Started polling sensor sen002 every 1.0s
2025-06-08 14:35:13 - cvd_tracker.info - INFO - Created sensor: sen003 (temperature from arduino_tc_board)
2025-06-08 14:35:13 - cvd_tracker.info - INFO - Started 2 sensors
2025-06-08 14:35:13 - cvd_tracker.info - INFO - Started 2 sensors
2025-06-08 14:35:13 - cvd_tracker.info - INFO - Using real Arduino TC Board library
2025-06-08 14:35:15 - cvd_tracker.info - INFO - Starting CVD Tracker...
2025-06-08 14:35:15 - cvd_tracker.info - INFO - Compression service initialized with algorithm: gzip
2025-06-08 14:35:15 - cvd_tracker.info - INFO - Compression service initialized
2025-06-08 14:35:15 - cvd_tracker.info - INFO - Email alert service initialized
2025-06-08 14:35:15 - cvd_tracker.info - INFO - Added processing stage range_validation to pipeline temperature_pipeline
2025-06-08 14:35:15 - cvd_tracker.info - INFO - Added processing stage outlier_detection to pipeline temperature_pipeline
2025-06-08 14:35:15 - cvd_tracker.info - INFO - Added processing stage moving_average to pipeline temperature_pipeline
2025-06-08 14:35:15 - cvd_tracker.info - INFO - Registered controller con001
2025-06-08 14:35:15 - cvd_tracker.info - INFO - Registered component: notification_center
2025-06-08 14:35:15 - cvd_tracker.info - INFO - Application container created successfully
2025-06-08 14:35:15 - cvd_tracker.info - INFO - Background services started on dedicated daemon thread
2025-06-08 14:35:15 - cvd_tracker.info - INFO - Created sensor: sen001 (temperature from mock_arduino_tc_board)
2025-06-08 14:35:15 - cvd_tracker.info - INFO - Background maintenance worker started
2025-06-08 14:35:15 - cvd_tracker.info - INFO - DataManager initialized
2025-06-08 14:35:15 - cvd_tracker.info - INFO - Mock Arduino connected on COM3
2025-06-08 14:35:15 - cvd_tracker.info - INFO - UI components and routes registered
2025-06-08 14:35:15 - cvd_tracker.info - INFO - Mock Arduino TC sensor sen001 initialized on port COM3
2025-06-08 14:35:15 - cvd_tracker.info - INFO - Starting web interface: CVD Tracker at localhost:8080
2025-06-08 14:35:15 - cvd_tracker.info - INFO - Registered sensor: sen001
2025-06-08 14:35:15 - cvd_tracker.info - INFO - CVD Tracker stopped
2025-06-08 14:35:15 - cvd_tracker.info - INFO - Started polling sensor sen001 every 1.0s
2025-06-08 14:35:15 - cvd_tracker.info - INFO - Created sensor: sen002 (temperature from mock_rs232)
2025-06-08 14:35:15 - cvd_tracker.info - INFO - Mock RS232 opened on COM3
2025-06-08 14:35:15 - cvd_tracker.info - INFO - Mock RS232 sensor sen002 initialized on port COM3
2025-06-08 14:35:15 - cvd_tracker.info - INFO - Registered sensor: sen002
2025-06-08 14:35:15 - cvd_tracker.info - INFO - Started polling sensor sen002 every 1.0s
2025-06-08 14:35:15 - cvd_tracker.info - INFO - Created sensor: sen003 (temperature from arduino_tc_board)
2025-06-08 14:35:15 - cvd_tracker.info - INFO - Started 2 sensors
2025-06-08 14:35:15 - cvd_tracker.info - INFO - Started 2 sensors
2025-06-08 14:35:17 - cvd_tracker.info - INFO - Registered component: dashboard_camera_stream
2025-06-08 14:35:17 - cvd_tracker.info - INFO - Registered component: sensors_component
2025-06-08 14:35:17 - cvd_tracker.info - INFO - Registered component: controllers
2025-06-08 14:35:17 - cvd_tracker.info - INFO - manager_created
2025-06-08 14:35:17 - cvd_tracker.info - INFO - ExperimentManager initialized
2025-06-08 14:35:17 - cvd_tracker.info - INFO - Registered component: experiment_component
2025-06-08 14:35:17 - cvd_tracker.info - INFO - Registered component: data_component
2025-06-08 14:35:17 - cvd_tracker.info - INFO - Registered component: logs
2025-06-08 14:35:24 - cvd_tracker.info - INFO - Registered component: dashboard_camera_stream
2025-06-08 14:35:24 - cvd_tracker.info - INFO - Registered component: sensors_component
2025-06-08 14:35:24 - cvd_tracker.info - INFO - Registered component: controllers
2025-06-08 14:35:24 - cvd_tracker.info - INFO - Registered component: experiment_component
2025-06-08 14:35:24 - cvd_tracker.info - INFO - Registered component: data_component
2025-06-08 14:35:24 - cvd_tracker.info - INFO - Registered component: logs
2025-06-08 14:36:00 - cvd_tracker.info - INFO - Initialized motion detection controller with MOG2 algorithm
2025-06-08 14:36:00 - cvd_tracker.info - INFO - Started controller con001
2025-06-08 14:37:10 - cvd_tracker.info - INFO - Created experiment: JAJA-Ding DOng_2025-06-08T14-37-10
2025-06-08 14:37:10 - cvd_tracker.info - INFO - Created experiment configuration: JAJA-Ding DOng_2025-06-08T14-37-10
2025-06-08 14:37:10 - cvd_tracker.info - INFO - Experiment state changed: idle -> starting
2025-06-08 14:37:10 - cvd_tracker.info - INFO - Initialized motion detection controller with MOG2 algorithm
2025-06-08 14:37:10 - cvd_tracker.info - INFO - Started controller con001
2025-06-08 14:37:10 - cvd_tracker.info - INFO - task_registered
2025-06-08 14:37:10 - cvd_tracker.info - INFO - Data collection loop started for experiment JAJA-Ding DOng_2025-06-08T14-37-10
2025-06-08 14:37:10 - cvd_tracker.info - INFO - Experiment state changed: starting -> running
2025-06-08 14:37:10 - cvd_tracker.info - INFO - Started experiment: JAJA-Ding DOng_2025-06-08T14-37-10
2025-06-08 14:37:10 - cvd_tracker.info - INFO - task_registered
2025-06-08 14:37:10 - cvd_tracker.info - INFO - task_started
2025-06-08 14:37:10 - cvd_tracker.info - INFO - task_started
2025-06-08 14:38:30 - cvd_tracker.info - INFO - Experiment state changed: running -> stopping
2025-06-08 14:38:30 - cvd_tracker.info - INFO - task_finished
2025-06-08 14:38:30 - cvd_tracker.info - INFO - Compressed experiment file: data\experiments\JAJA-Ding DOng_2025-06-08T14-37-10\metadata\experiment_metadata.json -> data\experiments\JAJA-Ding DOng_2025-06-08T14-37-10\metadata\compressed\experiment_metadata.json.gz
2025-06-08 14:38:30 - cvd_tracker.info - INFO - Compressed 1 experiment files in data\experiments\JAJA-Ding DOng_2025-06-08T14-37-10\metadata
2025-06-08 14:38:30 - cvd_tracker.info - INFO - Compressed experiment results: data\experiments\JAJA-Ding DOng_2025-06-08T14-37-10\metadata\compressed\experiment_metadata.json.gz
2025-06-08 14:38:30 - cvd_tracker.info - INFO - Experiment state changed: stopping -> completed
2025-06-08 14:38:30 - cvd_tracker.info - INFO - Experiment state changed: completed -> idle
2025-06-08 14:38:30 - cvd_tracker.info - INFO - Finalized experiment: JAJA-Ding DOng_2025-06-08T14-37-10
2025-06-08 14:38:30 - cvd_tracker.info - INFO - Stopped experiment: None
